This file contains any messages produced by compilers while
running configure, to aid debugging if configure makes a mistake.

It was created by Maeo configure 1.1, which was
generated by GNU Autoconf 2.63.  Invocation command line was

  $ ./configure 

## --------- ##
## Platform. ##
## --------- ##

hostname = myrte
uname -m = x86_64
uname -r = 2.6.24-26-generic
uname -s = Linux
uname -v = #1 SMP Tue Dec 1 17:55:03 UTC 2009

/usr/bin/uname -p = unknown
/bin/uname -X     = unknown

/bin/arch              = unknown
/usr/bin/arch -k       = unknown
/usr/convex/getsysinfo = unknown
/usr/bin/hostinfo      = unknown
/bin/machine           = unknown
/usr/bin/oslevel       = unknown
/bin/universe          = unknown

PATH: /local/caliste/usr/bin
PATH: /home/caliste/usr/bin
PATH: /local/caliste/usr/bin
PATH: /home/caliste/usr/bin
PATH: /opt/sge/bin/lx24-amd64
PATH: /usr/local/sbin
PATH: /usr/local/bin
PATH: /usr/sbin
PATH: /usr/bin
PATH: /sbin
PATH: /bin
PATH: /usr/games
PATH: /usr/common/bin


## ----------- ##
## Core tests. ##
## ----------- ##

configure:1882: checking for gcc
configure:1898: found /usr/bin/gcc
configure:1909: result: gcc
configure:2141: checking for C compiler version
configure:2149: gcc --version >&5
gcc (GCC) 4.2.4 (Ubuntu 4.2.4-1ubuntu4)
Copyright (C) 2007 Free Software Foundation, Inc.
This is free software; see the source for copying conditions.  There is NO
warranty; not even for MERCHANTABILITY or FITNESS FOR A PARTICULAR PURPOSE.

configure:2153: $? = 0
configure:2160: gcc -v >&5
Using built-in specs.
Target: x86_64-linux-gnu
Configured with: ../src/configure -v --enable-languages=c,c++,fortran,objc,obj-c++,treelang --prefix=/usr --enable-shared --with-system-zlib --libexecdir=/usr/lib --without-included-gettext --enable-threads=posix --enable-nls --with-gxx-include-dir=/usr/include/c++/4.2 --program-suffix=-4.2 --enable-clocale=gnu --enable-libstdcxx-debug --enable-objc-gc --enable-mpfr --enable-checking=release --build=x86_64-linux-gnu --host=x86_64-linux-gnu --target=x86_64-linux-gnu
Thread model: posix
gcc version 4.2.4 (Ubuntu 4.2.4-1ubuntu4)
configure:2164: $? = 0
configure:2171: gcc -V >&5
gcc: '-V' option must have argument
configure:2175: $? = 1
configure:2198: checking for C compiler default output file name
configure:2220: gcc    conftest.c  >&5
configure:2224: $? = 0
configure:2262: result: a.out
configure:2281: checking whether the C compiler works
configure:2291: ./a.out
configure:2295: $? = 0
configure:2314: result: yes
configure:2321: checking whether we are cross compiling
configure:2323: result: no
configure:2326: checking for suffix of executables
configure:2333: gcc -o conftest    conftest.c  >&5
configure:2337: $? = 0
configure:2363: result: 
configure:2369: checking for suffix of object files
configure:2395: gcc -c   conftest.c >&5
configure:2399: $? = 0
configure:2424: result: o
configure:2428: checking whether we are using the GNU C compiler
configure:2457: gcc -c   conftest.c >&5
configure:2464: $? = 0
configure:2481: result: yes
configure:2490: checking whether gcc accepts -g
configure:2520: gcc -c -g  conftest.c >&5
configure:2527: $? = 0
configure:2628: result: yes
configure:2645: checking for gcc option to accept ISO C89
configure:2719: gcc  -c -g -O2  conftest.c >&5
configure:2726: $? = 0
configure:2749: result: none needed
configure:2812: checking for a BSD-compatible install
configure:2880: result: /usr/bin/install -c
configure:2891: checking whether ln -s works
configure:2895: result: yes
configure:2902: checking whether make sets $(MAKE)
configure:2924: result: yes
configure:3005: checking for pkg-config
configure:3023: found /usr/bin/pkg-config
configure:3035: result: /usr/bin/pkg-config
configure:3060: checking pkg-config is at least version 0.9.0
configure:3063: result: yes
configure:3074: checking for gnome_vfs_module
configure:3082: $PKG_CONFIG --exists --print-errors "gnome-vfs-module-2.0"
configure:3085: $? = 0
configure:3100: $PKG_CONFIG --exists --print-errors "gnome-vfs-module-2.0"
configure:3103: $? = 0
configure:3143: result: yes
configure:3153: checking for libxml2
configure:3161: $PKG_CONFIG --exists --print-errors "libxml-2.0"
configure:3164: $? = 0
configure:3179: $PKG_CONFIG --exists --print-errors "libxml-2.0"
configure:3182: $? = 0
configure:3222: result: yes
configure:3232: checking for libsoup24
configure:3240: $PKG_CONFIG --exists --print-errors "libsoup-2.4"
Package libsoup-2.4 was not found in the pkg-config search path.
Perhaps you should add the directory containing `libsoup-2.4.pc'
to the PKG_CONFIG_PATH environment variable
No package 'libsoup-2.4' found
configure:3243: $? = 1
configure:3258: $PKG_CONFIG --exists --print-errors "libsoup-2.4"
Package libsoup-2.4 was not found in the pkg-config search path.
Perhaps you should add the directory containing `libsoup-2.4.pc'
to the PKG_CONFIG_PATH environment variable
No package 'libsoup-2.4' found
configure:3261: $? = 1
No package 'libsoup-2.4' found
configure:3289: result: no
configure:3294: checking for libsoup22
configure:3302: $PKG_CONFIG --exists --print-errors "libsoup-2.2"
Package libsoup-2.2 was not found in the pkg-config search path.
Perhaps you should add the directory containing `libsoup-2.2.pc'
to the PKG_CONFIG_PATH environment variable
No package 'libsoup-2.2' found
configure:3305: $? = 1
configure:3320: $PKG_CONFIG --exists --print-errors "libsoup-2.2"
Package libsoup-2.2 was not found in the pkg-config search path.
Perhaps you should add the directory containing `libsoup-2.2.pc'
to the PKG_CONFIG_PATH environment variable
No package 'libsoup-2.2' found
configure:3323: $? = 1
No package 'libsoup-2.2' found
configure:3351: result: no
configure:3354: error: ERROR: libsoup-2.4/2.2 missing

## ---------------- ##
## Cache variables. ##
## ---------------- ##

ac_cv_c_compiler_gnu=yes
ac_cv_env_CC_set=
ac_cv_env_CC_value=
ac_cv_env_CFLAGS_set=
ac_cv_env_CFLAGS_value=
ac_cv_env_CPPFLAGS_set=
ac_cv_env_CPPFLAGS_value=
ac_cv_env_LDFLAGS_set=
ac_cv_env_LDFLAGS_value=
ac_cv_env_LIBS_set=
ac_cv_env_LIBS_value=
ac_cv_env_PKG_CONFIG_set=
ac_cv_env_PKG_CONFIG_value=
ac_cv_env_build_alias_set=
ac_cv_env_build_alias_value=
ac_cv_env_gconf_CFLAGS_set=
ac_cv_env_gconf_CFLAGS_value=
ac_cv_env_gconf_LIBS_set=
ac_cv_env_gconf_LIBS_value=
ac_cv_env_gnome2_CFLAGS_set=
ac_cv_env_gnome2_CFLAGS_value=
ac_cv_env_gnome2_LIBS_set=
ac_cv_env_gnome2_LIBS_value=
ac_cv_env_gnome_vfs_module_CFLAGS_set=
ac_cv_env_gnome_vfs_module_CFLAGS_value=
ac_cv_env_gnome_vfs_module_LIBS_set=
ac_cv_env_gnome_vfs_module_LIBS_value=
ac_cv_env_gpsbt_CFLAGS_set=
ac_cv_env_gpsbt_CFLAGS_value=
ac_cv_env_gpsbt_LIBS_set=
ac_cv_env_gpsbt_LIBS_value=
ac_cv_env_gtk_CFLAGS_set=
ac_cv_env_gtk_CFLAGS_value=
ac_cv_env_gtk_LIBS_set=
ac_cv_env_gtk_LIBS_value=
ac_cv_env_hildon_CFLAGS_set=
ac_cv_env_hildon_CFLAGS_value=
ac_cv_env_hildon_LIBS_set=
ac_cv_env_hildon_LIBS_value=
ac_cv_env_host_alias_set=
ac_cv_env_host_alias_value=
ac_cv_env_liblocation_CFLAGS_set=
ac_cv_env_liblocation_CFLAGS_value=
ac_cv_env_liblocation_LIBS_set=
ac_cv_env_liblocation_LIBS_value=
ac_cv_env_libsoup22_CFLAGS_set=
ac_cv_env_libsoup22_CFLAGS_value=
ac_cv_env_libsoup22_LIBS_set=
ac_cv_env_libsoup22_LIBS_value=
ac_cv_env_libsoup24_CFLAGS_set=
ac_cv_env_libsoup24_CFLAGS_value=
ac_cv_env_libsoup24_LIBS_set=
ac_cv_env_libsoup24_LIBS_value=
ac_cv_env_libxml2_CFLAGS_set=
ac_cv_env_libxml2_CFLAGS_value=
ac_cv_env_libxml2_LIBS_set=
ac_cv_env_libxml2_LIBS_value=
ac_cv_env_osso_CFLAGS_set=
ac_cv_env_osso_CFLAGS_value=
ac_cv_env_osso_LIBS_set=
ac_cv_env_osso_LIBS_value=
ac_cv_env_target_alias_set=
ac_cv_env_target_alias_value=
ac_cv_objext=o
ac_cv_path_ac_pt_PKG_CONFIG=/usr/bin/pkg-config
ac_cv_path_install='/usr/bin/install -c'
ac_cv_prog_ac_ct_CC=gcc
ac_cv_prog_cc_c89=
ac_cv_prog_cc_g=yes
ac_cv_prog_make_make_set=yes
pkg_cv_gnome_vfs_module_CFLAGS='-pthread -DORBIT2=1 -I/usr/include/gnome-vfs-2.0 -I/usr/include/gnome-vfs-module-2.0 -I/usr/lib/gnome-vfs-2.0/include -I/usr/include/gconf/2 -I/usr/include/orbit-2.0 -I/usr/include/glib-2.0 -I/usr/lib/glib-2.0/include  '
pkg_cv_gnome_vfs_module_LIBS='-pthread -lgnomevfs-2 -lgconf-2 -lgthread-2.0 -lrt -lgmodule-2.0 -ldl -lgobject-2.0 -lglib-2.0  '
pkg_cv_libxml2_CFLAGS='-I/usr/include/libxml2  '
pkg_cv_libxml2_LIBS='-lxml2  '

## ----------------- ##
## Output variables. ##
## ----------------- ##

CC='gcc'
CFLAGS='-g -O2 -pthread -DORBIT2=1 -I/usr/include/gnome-vfs-2.0 -I/usr/include/gnome-vfs-module-2.0 -I/usr/lib/gnome-vfs-2.0/include -I/usr/include/gconf/2 -I/usr/include/orbit-2.0 -I/usr/include/glib-2.0 -I/usr/lib/glib-2.0/include   -I/usr/include/libxml2  '
CPPFLAGS=''
DEFS=''
ECHO_C=''
ECHO_N='-n'
ECHO_T=''
EXEEXT=''
EXTRA_OBJS=''
ICON=''
INSTALL_DATA='${INSTALL} -m 644'
INSTALL_PLATTFORM=''
INSTALL_PROGRAM='${INSTALL}'
INSTALL_SCRIPT='${INSTALL}'
LDFLAGS=''
LIBOBJS=''
LIBS=' -pthread -lgnomevfs-2 -lgconf-2 -lgthread-2.0 -lrt -lgmodule-2.0 -ldl -lgobject-2.0 -lglib-2.0   -lxml2  '
LN_S='ln -s'
LTLIBOBJS=''
OBJEXT='o'
PACKAGE='maep'
PACKAGE_BUGREPORT='till@harbaum.org'
PACKAGE_NAME='Maeo'
PACKAGE_STRING='Maeo 1.1'
PACKAGE_TARNAME='maeo'
PACKAGE_VERSION='1.1'
PATH_SEPARATOR=':'
PKG_CONFIG='/usr/bin/pkg-config'
SET_MAKE=''
SHELL='/bin/sh'
ac_ct_CC='gcc'
bindir='${exec_prefix}/bin'
build_alias=''
datadir='${datarootdir}'
datarootdir='${prefix}/share'
docdir='${datarootdir}/doc/${PACKAGE_TARNAME}'
dvidir='${docdir}'
exec_prefix='NONE'
gconf_CFLAGS=''
gconf_LIBS=''
gnome2_CFLAGS=''
gnome2_LIBS=''
gnome_vfs_module_CFLAGS='-pthread -DORBIT2=1 -I/usr/include/gnome-vfs-2.0 -I/usr/include/gnome-vfs-module-2.0 -I/usr/lib/gnome-vfs-2.0/include -I/usr/include/gconf/2 -I/usr/include/orbit-2.0 -I/usr/include/glib-2.0 -I/usr/lib/glib-2.0/include  '
gnome_vfs_module_LIBS='-pthread -lgnomevfs-2 -lgconf-2 -lgthread-2.0 -lrt -lgmodule-2.0 -ldl -lgobject-2.0 -lglib-2.0  '
gpsbt_CFLAGS=''
gpsbt_LIBS=''
gtk_CFLAGS=''
gtk_LIBS=''
hildon_CFLAGS=''
hildon_LIBS=''
host_alias=''
htmldir='${docdir}'
includedir='${prefix}/include'
infodir='${datarootdir}/info'
libdir='${exec_prefix}/lib'
libexecdir='${exec_prefix}/libexec'
liblocation_CFLAGS=''
liblocation_LIBS=''
libsoup22_CFLAGS=''
libsoup22_LIBS=''
libsoup24_CFLAGS=''
libsoup24_LIBS=''
libxml2_CFLAGS='-I/usr/include/libxml2  '
libxml2_LIBS='-lxml2  '
localedir='${datarootdir}/locale'
localstatedir='${prefix}/var'
mandir='${datarootdir}/man'
oldincludedir='/usr/include'
osso_CFLAGS=''
osso_LIBS=''
pdfdir='${docdir}'
prefix='NONE'
program_transform_name='s,x,x,'
psdir='${docdir}'
sbindir='${exec_prefix}/sbin'
sharedstatedir='${prefix}/com'
sysconfdir='${prefix}/etc'
target_alias=''

## ----------- ##
## confdefs.h. ##
## ----------- ##

#define PACKAGE_NAME "Maeo"
#define PACKAGE_TARNAME "maeo"
#define PACKAGE_VERSION "1.1"
#define PACKAGE_STRING "Maeo 1.1"
#define PACKAGE_BUGREPORT "till@harbaum.org"

configure: exit 1
